SRMCGatewayLite/app/build/intermediates/manifest_merge_blame_file/debug/processDebugMainManifest/manifest-merger-blame-debug-report.txt
1<?xml version="1.0" encoding="utf-8"?>
2<manifest xmlns:android="http://schemas.android.com/apk/res/android"
3    package="com.flashsms.gateway.lite"
4    android:versionCode="1"
5    android:versionName="1.0-lite" >
6
7    <uses-sdk
8        android:minSdkVersion="21"
9        android:targetSdkVersion="34" />
10
11    <uses-feature
11-->src\main\AndroidManifest.xml:4:5-87
12        android:name="android.hardware.telephony"
12-->src\main\AndroidManifest.xml:4:19-60
13        android:required="false" />
13-->src\main\AndroidManifest.xml:4:61-85
14
15    <!-- SMS permissions -->
16    <uses-permission android:name="android.permission.SEND_SMS" />
16-->src\main\AndroidManifest.xml:7:5-66
16-->src\main\AndroidManifest.xml:7:22-64
17    <uses-permission android:name="android.permission.RECEIVE_SMS" />
17-->src\main\AndroidManifest.xml:8:5-69
17-->src\main\AndroidManifest.xml:8:22-67
18    <uses-permission android:name="android.permission.READ_SMS" />
18-->src\main\AndroidManifest.xml:9:5-66
18-->src\main\AndroidManifest.xml:9:22-64
19    <uses-permission android:name="android.permission.READ_PHONE_STATE" />
19-->src\main\AndroidManifest.xml:10:5-74
19-->src\main\AndroidManifest.xml:10:22-72
20    <uses-permission android:name="android.permission.READ_PHONE_NUMBERS" />
20-->src\main\AndroidManifest.xml:11:5-76
20-->src\main\AndroidManifest.xml:11:22-74
21
22    <!-- Network -->
23    <uses-permission android:name="android.permission.INTERNET" />
23-->src\main\AndroidManifest.xml:14:5-66
23-->src\main\AndroidManifest.xml:14:22-64
24    <uses-permission android:name="android.permission.ACCESS_NETWORK_STATE" />
24-->src\main\AndroidManifest.xml:15:5-78
24-->src\main\AndroidManifest.xml:15:22-76
25    <uses-permission android:name="android.permission.ACCESS_WIFI_STATE" />
25-->src\main\AndroidManifest.xml:16:5-75
25-->src\main\AndroidManifest.xml:16:22-73
26
27    <!-- Service / boot -->
28    <uses-permission android:name="android.permission.FOREGROUND_SERVICE" />
28-->src\main\AndroidManifest.xml:19:5-76
28-->src\main\AndroidManifest.xml:19:22-74
29    <uses-permission android:name="android.permission.FOREGROUND_SERVICE_DATA_SYNC" />
29-->src\main\AndroidManifest.xml:20:5-86
29-->src\main\AndroidManifest.xml:20:22-84
30    <uses-permission android:name="android.permission.RECEIVE_BOOT_COMPLETED" />
30-->src\main\AndroidManifest.xml:21:5-80
30-->src\main\AndroidManifest.xml:21:22-78
31    <uses-permission android:name="android.permission.WAKE_LOCK" />
31-->src\main\AndroidManifest.xml:22:5-67
31-->src\main\AndroidManifest.xml:22:22-65
32    <uses-permission android:name="android.permission.POST_NOTIFICATIONS" />
32-->src\main\AndroidManifest.xml:23:5-76
32-->src\main\AndroidManifest.xml:23:22-74
33
34    <permission
34-->[androidx.core:core:1.9.0] AndroidManifest.xml:22:5-24:47
35        android:name="com.flashsms.gateway.lite.DYNAMIC_RECEIVER_NOT_EXPORTED_PERMISSION"
35-->[androidx.core:core:1.9.0] AndroidManifest.xml:23:9-81
36        android:protectionLevel="signature" />
36-->[androidx.core:core:1.9.0] AndroidManifest.xml:24:9-44
37
38    <uses-permission android:name="com.flashsms.gateway.lite.DYNAMIC_RECEIVER_NOT_EXPORTED_PERMISSION" />
38-->[androidx.core:core:1.9.0] AndroidManifest.xml:26:5-97
38-->[androidx.core:core:1.9.0] AndroidManifest.xml:26:22-94
39
40    <application
40-->src\main\AndroidManifest.xml:25:5-68:19
41        android:name="com.flashsms.gateway.App"
41-->src\main\AndroidManifest.xml:26:9-28
42        android:allowBackup="true"
42-->src\main\AndroidManifest.xml:27:9-35
43        android:appComponentFactory="androidx.core.app.CoreComponentFactory"
43-->[androidx.core:core:1.9.0] AndroidManifest.xml:28:18-86
44        android:debuggable="true"
45        android:extractNativeLibs="true"
46        android:icon="@mipmap/ic_launcher"
46-->src\main\AndroidManifest.xml:28:9-43
47        android:label="@string/app_name"
47-->src\main\AndroidManifest.xml:30:9-41
48        android:roundIcon="@mipmap/ic_launcher_round"
48-->src\main\AndroidManifest.xml:29:9-54
49        android:supportsRtl="true"
49-->src\main\AndroidManifest.xml:31:9-35
50        android:theme="@style/Theme.SMSGatewayLite"
50-->src\main\AndroidManifest.xml:33:9-52
51        android:usesCleartextTraffic="true" >
51-->src\main\AndroidManifest.xml:32:9-44
52        <activity
52-->src\main\AndroidManifest.xml:35:9-43:20
53            android:name="com.flashsms.gateway.MainActivity"
53-->src\main\AndroidManifest.xml:36:13-41
54            android:exported="true"
54-->src\main\AndroidManifest.xml:37:13-36
55            android:windowSoftInputMode="adjustResize" >
55-->src\main\AndroidManifest.xml:38:13-55
56            <intent-filter>
56-->src\main\AndroidManifest.xml:39:13-42:29
57                <action android:name="android.intent.action.MAIN" />
57-->src\main\AndroidManifest.xml:40:17-68
57-->src\main\AndroidManifest.xml:40:25-66
58
59                <category android:name="android.intent.category.LAUNCHER" />
59-->src\main\AndroidManifest.xml:41:17-76
59-->src\main\AndroidManifest.xml:41:27-74
60            </intent-filter>
61        </activity>
62
63        <service
63-->src\main\AndroidManifest.xml:45:9-49:43
64            android:name="com.flashsms.gateway.GatewayService"
64-->src\main\AndroidManifest.xml:46:13-43
65            android:exported="false"
65-->src\main\AndroidManifest.xml:47:13-37
66            android:foregroundServiceType="dataSync"
66-->src\main\AndroidManifest.xml:48:13-53
67            android:stopWithTask="false" />
67-->src\main\AndroidManifest.xml:49:13-41
68
69        <receiver
69-->src\main\AndroidManifest.xml:51:9-57:20
70            android:name="com.flashsms.gateway.BootReceiver"
70-->src\main\AndroidManifest.xml:52:13-41
71            android:exported="true" >
71-->src\main\AndroidManifest.xml:53:13-36
72            <intent-filter>
72-->src\main\AndroidManifest.xml:54:13-56:29
73                <action android:name="android.intent.action.BOOT_COMPLETED" />
73-->src\main\AndroidManifest.xml:55:17-78
73-->src\main\AndroidManifest.xml:55:25-76
74            </intent-filter>
75        </receiver>
76        <receiver
76-->src\main\AndroidManifest.xml:59:9-66:20
77            android:name="com.flashsms.gateway.InboundSmsReceiver"
77-->src\main\AndroidManifest.xml:60:13-47
78            android:exported="true"
78-->src\main\AndroidManifest.xml:61:13-36
79            android:permission="android.permission.BROADCAST_SMS" >
79-->src\main\AndroidManifest.xml:62:13-66
80            <intent-filter android:priority="999" >
80-->src\main\AndroidManifest.xml:63:13-65:29
80-->src\main\AndroidManifest.xml:63:28-50
81                <action android:name="android.provider.Telephony.SMS_RECEIVED" />
81-->src\main\AndroidManifest.xml:64:17-81
81-->src\main\AndroidManifest.xml:64:25-79
82            </intent-filter>
83        </receiver>
84
85        <provider
85-->[androidx.emoji2:emoji2:1.2.0] AndroidManifest.xml:24:9-32:20
86            android:name="androidx.startup.InitializationProvider"
86-->[androidx.emoji2:emoji2:1.2.0] AndroidManifest.xml:25:13-67
87            android:authorities="com.flashsms.gateway.lite.androidx-startup"
87-->[androidx.emoji2:emoji2:1.2.0] AndroidManifest.xml:26:13-68
88            android:exported="false" >
88-->[androidx.emoji2:emoji2:1.2.0] AndroidManifest.xml:27:13-37
89            <meta-data
89-->[androidx.emoji2:emoji2:1.2.0] AndroidManifest.xml:29:13-31:52
90                android:name="androidx.emoji2.text.EmojiCompatInitializer"
90-->[androidx.emoji2:emoji2:1.2.0] AndroidManifest.xml:30:17-75
91                android:value="androidx.startup" />
91-->[androidx.emoji2:emoji2:1.2.0] AndroidManifest.xml:31:17-49
92            <meta-data
92-->[androidx.lifecycle:lifecycle-process:2.4.1] AndroidManifest.xml:31:13-33:52
93                android:name="androidx.lifecycle.ProcessLifecycleInitializer"
93-->[androidx.lifecycle:lifecycle-process:2.4.1] AndroidManifest.xml:32:17-78
94                android:value="androidx.startup" />
94-->[androidx.lifecycle:lifecycle-process:2.4.1] AndroidManifest.xml:33:17-49
95        </provider>
96    </application>
97
98</manifest>